0 info it worked if it ends with ok
1 verbose cli [ '/home/jbx2060/.nvm/v0.10.48/bin/node',
1 verbose cli   '/home/jbx2060/.nvm/v0.10.48/bin/npm',
1 verbose cli   'start' ]
2 info using npm@2.15.1
3 info using node@v0.10.48
4 verbose run-script [ 'prestart', 'start', 'poststart' ]
5 info prestart MultiOgarII@1.6.2
6 info start MultiOgarII@1.6.2
7 verbose unsafe-perm in lifecycle true
8 info MultiOgarII@1.6.2 Failed to exec start script
9 verbose stack Error: MultiOgarII@1.6.2 start: `cd src && node index`
9 verbose stack Exit status 8
9 verbose stack     at EventEmitter.<anonymous> (/home/jbx2060/.nvm/v0.10.48/lib/node_modules/npm/lib/utils/lifecycle.js:217:16)
9 verbose stack     at EventEmitter.emit (events.js:98:17)
9 verbose stack     at ChildProcess.<anonymous> (/home/jbx2060/.nvm/v0.10.48/lib/node_modules/npm/lib/utils/spawn.js:24:14)
9 verbose stack     at ChildProcess.emit (events.js:98:17)
9 verbose stack     at maybeClose (child_process.js:766:16)
9 verbose stack     at Process.ChildProcess._handle.onexit (child_process.js:833:5)
10 verbose pkgid MultiOgarII@1.6.2
11 verbose cwd /home/jbx2060/Ogar
12 error Linux 5.3.0-28-generic
13 error argv "/home/jbx2060/.nvm/v0.10.48/bin/node" "/home/jbx2060/.nvm/v0.10.48/bin/npm" "start"
14 error node v0.10.48
15 error npm  v2.15.1
16 error code ELIFECYCLE
17 error MultiOgarII@1.6.2 start: `cd src && node index`
17 error Exit status 8
18 error Failed at the MultiOgarII@1.6.2 start script 'cd src && node index'.
18 error This is most likely a problem with the MultiOgarII package,
18 error not with npm itself.
18 error Tell the author that this fails on your system:
18 error     cd src && node index
18 error You can get information on how to open an issue for this project with:
18 error     npm bugs MultiOgarII
18 error Or if that isn't available, you can get their info via:
18 error
18 error     npm owner ls MultiOgarII
18 error There is likely additional logging output above.
19 verbose exit [ 1, true ]
